<?xml version="1.0" encoding="UTF-8"?>
<!-- Generated by org.testng.reporters.JUnitReportReporter -->
<testsuite hostname="DESKTOP-00S3GG2" failures="0" tests="1" name="TestNG1.facebook1" time="18.283" errors="0" timestamp="2022-07-01T15:24:14 IST" skipped="0">
  <testcase classname="TestNG1.facebook1" name="tc2" time="18.283"/>
  <system-out>
    <![CDATA[Forgotten Password | Can't Log In | Facebook
https://www.facebook.com/login/identify/?ctx=recover&ars=facebook_login&from_login_screen=0]]>
  </system-out>
</testsuite> <!-- TestNG1.facebook1 -->
