<?xml version="1.0" encoding="UTF-8"?>
<!-- Generated by org.testng.reporters.JUnitReportReporter -->
<testsuite hostname="DESKTOP-00S3GG2" failures="0" tests="5" name="testng2.test0" time="0.023" errors="0" timestamp="2022-07-04T23:43:26 IST" skipped="1">
  <testcase classname="testng2.test0" name="demo" time="0.001"/>
  <system-out>
    <![CDATA[demo]]>
  </system-out>
  <testcase classname="testng2.test0" name="demo" time="0.017"/>
  <system-out>
    <![CDATA[demo]]>
  </system-out>
  <testcase classname="testng2.test0" name="demo" time="0.003"/>
  <system-out>
    <![CDATA[demo]]>
  </system-out>
  <testcase classname="testng2.test0" name="demo" time="0.002"/>
  <system-out>
    <![CDATA[demo]]>
  </system-out>
  <testcase classname="testng2.test0" name="demo1">
    <skipped/>
  </testcase> <!-- demo1 -->
  <system-out/>
</testsuite> <!-- testng2.test0 -->
