<?xml version="1.0" encoding="UTF-8"?>
<!-- Generated by org.testng.reporters.JUnitReportReporter -->
<testsuite hostname="DESKTOP-00S3GG2" failures="0" tests="9" name="TestNG1.test" time="0.032" errors="0" timestamp="2022-07-01T13:53:00 IST" skipped="0">
  <testcase classname="TestNG1.test" name="chat" time="0.014"/>
  <system-out>
    <![CDATA[chat]]>
  </system-out>
  <testcase classname="TestNG1.test" name="chat" time="0.002"/>
  <system-out>
    <![CDATA[chat]]>
  </system-out>
  <testcase classname="TestNG1.test" name="chat" time="0.002"/>
  <system-out>
    <![CDATA[chat]]>
  </system-out>
  <testcase classname="TestNG1.test" name="chat" time="0.003"/>
  <system-out>
    <![CDATA[chat]]>
  </system-out>
  <testcase classname="TestNG1.test" name="demo" time="0.002"/>
  <system-out>
    <![CDATA[hello java]]>
  </system-out>
  <testcase classname="TestNG1.test" name="demo" time="0.002"/>
  <system-out>
    <![CDATA[hello java]]>
  </system-out>
  <testcase classname="TestNG1.test" name="demo" time="0.003"/>
  <system-out>
    <![CDATA[hello java]]>
  </system-out>
  <testcase classname="TestNG1.test" name="demo" time="0.002"/>
  <system-out>
    <![CDATA[hello java]]>
  </system-out>
  <testcase classname="TestNG1.test" name="demo" time="0.002"/>
  <system-out>
    <![CDATA[hello java]]>
  </system-out>
</testsuite> <!-- TestNG1.test -->
