<?xml version="1.0" encoding="UTF-8"?>
<!-- Generated by org.testng.reporters.JUnitReportReporter -->
<testsuite hostname="DESKTOP-00S3GG2" failures="0" tests="2" name="testNG.test0" time="0.022" errors="0" timestamp="2022-07-01T08:39:43 IST" skipped="0">
  <testcase classname="testNG.test0" name="trial" time="0.004"/>
  <system-out>
    <![CDATA[calls]]>
  </system-out>
  <testcase classname="testNG.test0" name="demo" time="0.018"/>
  <system-out>
    <![CDATA[calls]]>
  </system-out>
</testsuite> <!-- testNG.test0 -->
